# JRE version: Java(TM) SE Runtime Environment 18.9 (11.0.11+9) (build 11.0.11+9-LTS-194)
# Java VM: Java HotSpot(TM) 64-Bit Server VM 18.9 (11.0.11+9-LTS-194, mixed mode, tiered, compressed oops, g1 gc, windows-amd64)
Heap:
 garbage-first heap   total 155648K, used 97248K [0x0000000082800000, 0x0000000100000000)
  region size 1024K, 50 young (51200K), 10 survivors (10240K)
 Metaspace       used 38742K, capacity 39789K, committed 39964K, reserved 1085440K
  class space    used 4054K, capacity 4442K, committed 4480K, reserved 1048576K
GC Heap History (10 events):
Event: 6.633 GC heap before
{Heap before GC invocations=7 (full 0):
 garbage-first heap   total 155648K, used 35994K [0x0000000082800000, 0x0000000100000000)
  region size 1024K, 16 young (16384K), 7 survivors (7168K)
 Metaspace       used 34876K, capacity 35722K, committed 35888K, reserved 1081344K
  class space    used 3666K, capacity 3964K, committed 3968K, reserved 1048576K
}
Event: 6.636 GC heap after
{Heap after GC invocations=8 (full 0):
 garbage-first heap   total 155648K, used 28347K [0x0000000082800000, 0x0000000100000000)
  region size 1024K, 7 young (7168K), 7 survivors (7168K)
 Metaspace       used 34876K, capacity 35722K, committed 35888K, reserved 1081344K
  class space    used 3666K, capacity 3964K, committed 3968K, reserved 1048576K
}
Event: 7.996 GC heap before
{Heap before GC invocations=9 (full 0):
 garbage-first heap   total 155648K, used 134843K [0x0000000082800000, 0x0000000100000000)
  region size 1024K, 87 young (89088K), 7 survivors (7168K)
 Metaspace       used 37372K, capacity 38356K, committed 38556K, reserved 1083392K
  class space    used 3966K, capacity 4309K, committed 4352K, reserved 1048576K
}
Event: 8.004 GC heap after
{Heap after GC invocations=10 (full 0):
 garbage-first heap   total 155648K, used 32364K [0x0000000082800000, 0x0000000100000000)
  region size 1024K, 4 young (4096K), 4 survivors (4096K)
 Metaspace       used 37372K, capacity 38356K, committed 38556K, reserved 1083392K
  class space    used 3966K, capacity 4309K, committed 4352K, reserved 1048576K
}
Event: 8.278 GC heap before
{Heap before GC invocations=10 (full 0):
 garbage-first heap   total 155648K, used 115308K [0x0000000082800000, 0x0000000100000000)
  region size 1024K, 84 young (86016K), 4 survivors (4096K)
 Metaspace       used 37476K, capacity 38488K, committed 38556K, reserved 1083392K
  class space    used 3966K, capacity 4309K, committed 4352K, reserved 1048576K
}
Event: 8.285 GC heap after
{Heap after GC invocations=11 (full 0):
 garbage-first heap   total 155648K, used 42580K [0x0000000082800000, 0x0000000100000000)
  region size 1024K, 11 young (11264K), 11 survivors (11264K)
 Metaspace       used 37476K, capacity 38488K, committed 38556K, reserved 1083392K
  class space    used 3966K, capacity 4309K, committed 4352K, reserved 1048576K
}
Event: 8.457 GC heap before
{Heap before GC invocations=11 (full 0):
 garbage-first heap   total 155648K, used 114260K [0x0000000082800000, 0x0000000100000000)
  region size 1024K, 81 young (82944K), 11 survivors (11264K)
 Metaspace       used 37777K, capacity 38764K, committed 38812K, reserved 1083392K
  class space    used 3971K, capacity 4314K, committed 4352K, reserved 1048576K
}
Event: 8.462 GC heap after
{Heap after GC invocations=12 (full 0):
 garbage-first heap   total 155648K, used 42258K [0x0000000082800000, 0x0000000100000000)
  region size 1024K, 4 young (4096K), 4 survivors (4096K)
 Metaspace       used 37777K, capacity 38764K, committed 38812K, reserved 1083392K
  class space    used 3971K, capacity 4314K, committed 4352K, reserved 1048576K
}
Event: 8.648 GC heap before
{Heap before GC invocations=12 (full 0):
 garbage-first heap   total 155648K, used 115986K [0x0000000082800000, 0x0000000100000000)
  region size 1024K, 75 young (76800K), 4 survivors (4096K)
 Metaspace       used 37843K, capacity 38893K, committed 39068K, reserved 1083392K
  class space    used 3973K, capacity 4314K, committed 4352K, reserved 1048576K
}
Event: 8.657 GC heap after
{Heap after GC invocations=13 (full 0):
 garbage-first heap   total 155648K, used 56288K [0x0000000082800000, 0x0000000100000000)
  region size 1024K, 10 young (10240K), 10 survivors (10240K)
 Metaspace       used 37843K, capacity 38893K, committed 39068K, reserved 1083392K
  class space    used 3973K, capacity 4314K, committed 4352K, reserved 1048576K
}

